<?xml version="1.0" ?>
<coverage branch-rate="0" line-rate="0.2519" timestamp="1455307024986" version="4.0.3">
	<!-- Generated by coverage.py: https://coverage.readthedocs.org -->
	<!-- Based on https://raw.githubusercontent.com/cobertura/web/f0366e5e2cf18f111cbd61fc34ef720a6584ba02/htdocs/xml/coverage-03.dtd -->
	<sources>
		<source>/home/alex/workspace/cs451-chessgame</source>
	</sources>
	<packages>
		<package branch-rate="0" complexity="0" line-rate="0.2519" name=".">
			<classes>
				<class branch-rate="0" complexity="0" filename="pychess.py" line-rate="0.2383" name="pychess.py">
					<methods/>
					<lines>
						<line hits="1" number="1"/>
						<line hits="1" number="2"/>
						<line hits="1" number="3"/>
						<line hits="1" number="5"/>
						<line hits="1" number="6"/>
						<line hits="1" number="7"/>
						<line hits="1" number="8"/>
						<line hits="1" number="9"/>
						<line hits="1" number="10"/>
						<line hits="1" number="12"/>
						<line hits="1" number="13"/>
						<line hits="1" number="14"/>
						<line hits="1" number="15"/>
						<line hits="1" number="17"/>
						<line hits="1" number="18"/>
						<line hits="0" number="19"/>
						<line hits="0" number="20"/>
						<line hits="1" number="22"/>
						<line hits="0" number="23"/>
						<line hits="1" number="25"/>
						<line hits="1" number="26"/>
						<line hits="0" number="27"/>
						<line hits="0" number="28"/>
						<line hits="1" number="30"/>
						<line hits="0" number="31"/>
						<line hits="1" number="33"/>
						<line hits="1" number="34"/>
						<line hits="1" number="36"/>
						<line hits="0" number="37"/>
						<line hits="0" number="38"/>
						<line hits="0" number="39"/>
						<line hits="1" number="41"/>
						<line hits="0" number="42"/>
						<line hits="1" number="44"/>
						<line hits="0" number="45"/>
						<line hits="1" number="47"/>
						<line hits="0" number="48"/>
						<line hits="0" number="49"/>
						<line hits="0" number="51"/>
						<line hits="0" number="52"/>
						<line hits="0" number="53"/>
						<line hits="0" number="54"/>
						<line hits="0" number="55"/>
						<line hits="0" number="57"/>
						<line hits="0" number="59"/>
						<line hits="0" number="61"/>
						<line hits="1" number="63"/>
						<line hits="0" number="64"/>
						<line hits="0" number="66"/>
						<line hits="0" number="67"/>
						<line hits="0" number="68"/>
						<line hits="0" number="69"/>
						<line hits="0" number="71"/>
						<line hits="1" number="73"/>
						<line hits="1" number="74"/>
						<line hits="0" number="75"/>
						<line hits="1" number="77"/>
						<line hits="0" number="78"/>
						<line hits="0" number="85"/>
						<line hits="0" number="86"/>
						<line hits="0" number="88"/>
						<line hits="0" number="89"/>
						<line hits="0" number="90"/>
						<line hits="0" number="92"/>
						<line hits="1" number="94"/>
						<line hits="1" number="95"/>
						<line hits="0" number="96"/>
						<line hits="1" number="98"/>
						<line hits="0" number="99"/>
						<line hits="0" number="110"/>
						<line hits="0" number="112"/>
						<line hits="0" number="113"/>
						<line hits="0" number="114"/>
						<line hits="0" number="115"/>
						<line hits="0" number="116"/>
						<line hits="0" number="118"/>
						<line hits="0" number="120"/>
						<line hits="0" number="121"/>
						<line hits="0" number="122"/>
						<line hits="0" number="124"/>
						<line hits="1" number="126"/>
						<line hits="1" number="127"/>
						<line hits="0" number="128"/>
						<line hits="1" number="130"/>
						<line hits="0" number="131"/>
						<line hits="0" number="142"/>
						<line hits="0" number="144"/>
						<line hits="0" number="145"/>
						<line hits="0" number="146"/>
						<line hits="0" number="147"/>
						<line hits="0" number="148"/>
						<line hits="0" number="150"/>
						<line hits="0" number="152"/>
						<line hits="0" number="153"/>
						<line hits="0" number="154"/>
						<line hits="0" number="156"/>
						<line hits="1" number="158"/>
						<line hits="1" number="159"/>
						<line hits="0" number="160"/>
						<line hits="1" number="162"/>
						<line hits="0" number="163"/>
						<line hits="0" number="164"/>
						<line hits="0" number="166"/>
						<line hits="0" number="171"/>
						<line hits="0" number="172"/>
						<line hits="0" number="173"/>
						<line hits="0" number="174"/>
						<line hits="0" number="175"/>
						<line hits="0" number="177"/>
						<line hits="0" number="179"/>
						<line hits="0" number="180"/>
						<line hits="0" number="181"/>
						<line hits="0" number="183"/>
						<line hits="0" number="184"/>
						<line hits="0" number="185"/>
						<line hits="0" number="186"/>
						<line hits="0" number="188"/>
						<line hits="0" number="190"/>
						<line hits="0" number="191"/>
						<line hits="0" number="192"/>
						<line hits="0" number="194"/>
						<line hits="1" number="196"/>
						<line hits="1" number="197"/>
						<line hits="0" number="198"/>
						<line hits="1" number="200"/>
						<line hits="0" number="201"/>
						<line hits="0" number="212"/>
						<line hits="0" number="213"/>
						<line hits="0" number="215"/>
						<line hits="0" number="216"/>
						<line hits="0" number="217"/>
						<line hits="0" number="219"/>
						<line hits="1" number="221"/>
						<line hits="1" number="222"/>
						<line hits="0" number="223"/>
						<line hits="1" number="225"/>
						<line hits="0" number="226"/>
						<line hits="0" number="233"/>
						<line hits="0" number="234"/>
						<line hits="0" number="236"/>
						<line hits="0" number="237"/>
						<line hits="0" number="238"/>
						<line hits="0" number="240"/>
						<line hits="1" number="242"/>
						<line hits="1" number="243"/>
						<line hits="0" number="244"/>
						<line hits="1" number="246"/>
						<line hits="0" number="247"/>
						<line hits="0" number="248"/>
						<line hits="0" number="250"/>
						<line hits="0" number="252"/>
						<line hits="0" number="253"/>
						<line hits="0" number="254"/>
						<line hits="0" number="255"/>
						<line hits="0" number="256"/>
						<line hits="0" number="257"/>
						<line hits="0" number="259"/>
						<line hits="0" number="260"/>
						<line hits="0" number="262"/>
						<line hits="1" number="264"/>
						<line hits="1" number="265"/>
						<line hits="0" number="266"/>
						<line hits="0" number="267"/>
						<line hits="1" number="269"/>
						<line hits="0" number="270"/>
						<line hits="0" number="271"/>
						<line hits="1" number="273"/>
						<line hits="0" number="274"/>
						<line hits="1" number="276"/>
						<line hits="0" number="277"/>
						<line hits="1" number="279"/>
						<line hits="0" number="280"/>
						<line hits="0" number="281"/>
						<line hits="1" number="283"/>
						<line hits="1" number="284"/>
						<line hits="0" number="285"/>
						<line hits="0" number="286"/>
						<line hits="0" number="287"/>
						<line hits="0" number="288"/>
						<line hits="0" number="289"/>
						<line hits="0" number="290"/>
						<line hits="0" number="291"/>
						<line hits="0" number="293"/>
						<line hits="0" number="294"/>
						<line hits="0" number="295"/>
						<line hits="0" number="296"/>
						<line hits="0" number="297"/>
						<line hits="0" number="298"/>
						<line hits="0" number="299"/>
						<line hits="0" number="300"/>
						<line hits="0" number="302"/>
						<line hits="0" number="303"/>
						<line hits="0" number="304"/>
						<line hits="0" number="305"/>
						<line hits="0" number="306"/>
						<line hits="0" number="307"/>
						<line hits="0" number="308"/>
						<line hits="0" number="309"/>
						<line hits="0" number="312"/>
						<line hits="0" number="313"/>
						<line hits="0" number="314"/>
						<line hits="0" number="315"/>
						<line hits="0" number="316"/>
						<line hits="0" number="317"/>
						<line hits="0" number="318"/>
						<line hits="0" number="319"/>
						<line hits="0" number="321"/>
						<line hits="0" number="322"/>
						<line hits="0" number="323"/>
						<line hits="0" number="324"/>
						<line hits="0" number="325"/>
						<line hits="0" number="326"/>
						<line hits="0" number="327"/>
						<line hits="0" number="328"/>
						<line hits="1" number="330"/>
						<line hits="0" number="331"/>
						<line hits="0" number="332"/>
						<line hits="0" number="333"/>
						<line hits="1" number="335"/>
						<line hits="0" number="336"/>
						<line hits="0" number="338"/>
						<line hits="0" number="339"/>
						<line hits="0" number="340"/>
						<line hits="0" number="341"/>
						<line hits="0" number="342"/>
						<line hits="0" number="343"/>
						<line hits="0" number="345"/>
						<line hits="1" number="347"/>
						<line hits="0" number="348"/>
						<line hits="0" number="349"/>
						<line hits="0" number="351"/>
						<line hits="0" number="352"/>
						<line hits="0" number="354"/>
						<line hits="0" number="356"/>
						<line hits="0" number="357"/>
						<line hits="1" number="359"/>
						<line hits="0" number="360"/>
						<line hits="0" number="361"/>
						<line hits="0" number="362"/>
						<line hits="0" number="363"/>
						<line hits="0" number="364"/>
						<line hits="0" number="365"/>
						<line hits="0" number="367"/>
						<line hits="0" number="368"/>
						<line hits="0" number="369"/>
						<line hits="1" number="371"/>
						<line hits="0" number="372"/>
						<line hits="0" number="373"/>
						<line hits="0" number="374"/>
						<line hits="0" number="375"/>
						<line hits="0" number="376"/>
						<line hits="0" number="377"/>
						<line hits="0" number="379"/>
						<line hits="0" number="380"/>
						<line hits="0" number="381"/>
						<line hits="1" number="382"/>
					</lines>
				</class>
				<class branch-rate="0" complexity="0" filename="test.py" line-rate="0.6" name="test.py">
					<methods/>
					<lines>
						<line hits="1" number="1"/>
						<line hits="1" number="2"/>
						<line hits="1" number="4"/>
						<line hits="1" number="5"/>
						<line hits="0" number="6"/>
						<line hits="0" number="7"/>
						<line hits="1" number="9"/>
						<line hits="1" number="10"/>
						<line hits="0" number="11"/>
						<line hits="0" number="12"/>
					</lines>
				</class>
			</classes>
		</package>
	</packages>
</coverage>
